# JRE version: OpenJDK Runtime Environment Corretto-16.0.1.9.1 (16.0.1+9) (build 16.0.1+9)
# Java VM: OpenJDK 64-Bit Server VM Corretto-16.0.1.9.1 (16.0.1+9, mixed mode, sharing, tiered, compressed oops, compressed class ptrs, g1 gc, windows-amd64)
GC Precious Log:
 CPUs: 12 total, 12 available
 Memory: 8061M
 Large Page Support: Disabled
 NUMA Support: Disabled
 Compressed Oops: Enabled (32-bit)
 Heap Region Size: 1M
 Heap Min Capacity: 8M
 Heap Initial Capacity: 126M
 Heap Max Capacity: 2016M
 Pre-touch: Disabled
 Parallel Workers: 10
 Concurrent Workers: 3
 Concurrent Refinement Workers: 10
 Periodic GC: Disabled
Heap:
 garbage-first heap   total 175104K, used 60029K [0x0000000082000000, 0x0000000100000000)
  region size 1024K, 9 young (9216K), 9 survivors (9216K)
 Metaspace       used 32341K, committed 32832K, reserved 1081344K
  class space    used 3402K, committed 3648K, reserved 1048576K
GC Heap History (20 events):
Event: 9.597 GC heap after
{Heap after GC invocations=19 (full 0):
 garbage-first heap   total 94208K, used 41249K [0x0000000082000000, 0x0000000100000000)
  region size 1024K, 5 young (5120K), 5 survivors (5120K)
 Metaspace       used 29901K, committed 30208K, reserved 1081344K
  class space    used 3162K, committed 3328K, reserved 1048576K
}
Event: 10.282 GC heap before
{Heap before GC invocations=19 (full 0):
 garbage-first heap   total 94208K, used 72993K [0x0000000082000000, 0x0000000100000000)
  region size 1024K, 36 young (36864K), 5 survivors (5120K)
 Metaspace       used 31210K, committed 31616K, reserved 1081344K
  class space    used 3316K, committed 3520K, reserved 1048576K
}
Event: 10.293 GC heap after
{Heap after GC invocations=20 (full 0):
 garbage-first heap   total 113664K, used 42570K [0x0000000082000000, 0x0000000100000000)
  region size 1024K, 2 young (2048K), 2 survivors (2048K)
 Metaspace       used 31210K, committed 31616K, reserved 1081344K
  class space    used 3316K, committed 3520K, reserved 1048576K
}
Event: 10.919 GC heap before
{Heap before GC invocations=20 (full 0):
 garbage-first heap   total 113664K, used 89674K [0x0000000082000000, 0x0000000100000000)
  region size 1024K, 48 young (49152K), 2 survivors (2048K)
 Metaspace       used 32227K, committed 32704K, reserved 1081344K
  class space    used 3402K, committed 3648K, reserved 1048576K
}
Event: 10.924 GC heap after
{Heap after GC invocations=21 (full 0):
 garbage-first heap   total 113664K, used 44619K [0x0000000082000000, 0x0000000100000000)
  region size 1024K, 4 young (4096K), 4 survivors (4096K)
 Metaspace       used 32227K, committed 32704K, reserved 1081344K
  class space    used 3402K, committed 3648K, reserved 1048576K
}
Event: 11.089 GC heap before
{Heap before GC invocations=21 (full 0):
 garbage-first heap   total 113664K, used 90699K [0x0000000082000000, 0x0000000100000000)
  region size 1024K, 49 young (50176K), 4 survivors (4096K)
 Metaspace       used 32323K, committed 32768K, reserved 1081344K
  class space    used 3402K, committed 3648K, reserved 1048576K
}
Event: 11.097 GC heap after
{Heap after GC invocations=22 (full 0):
 garbage-first heap   total 113664K, used 45826K [0x0000000082000000, 0x0000000100000000)
  region size 1024K, 5 young (5120K), 5 survivors (5120K)
 Metaspace       used 32323K, committed 32768K, reserved 1081344K
  class space    used 3402K, committed 3648K, reserved 1048576K
}
Event: 11.209 GC heap before
{Heap before GC invocations=22 (full 0):
 garbage-first heap   total 113664K, used 91906K [0x0000000082000000, 0x0000000100000000)
  region size 1024K, 50 young (51200K), 5 survivors (5120K)
 Metaspace       used 32327K, committed 32768K, reserved 1081344K
  class space    used 3402K, committed 3648K, reserved 1048576K
}
Event: 11.217 GC heap after
{Heap after GC invocations=23 (full 0):
 garbage-first heap   total 113664K, used 47273K [0x0000000082000000, 0x0000000100000000)
  region size 1024K, 5 young (5120K), 5 survivors (5120K)
 Metaspace       used 32327K, committed 32768K, reserved 1081344K
  class space    used 3402K, committed 3648K, reserved 1048576K
}
Event: 11.308 GC heap before
{Heap before GC invocations=23 (full 0):
 garbage-first heap   total 113664K, used 93353K [0x0000000082000000, 0x0000000100000000)
  region size 1024K, 50 young (51200K), 5 survivors (5120K)
 Metaspace       used 32333K, committed 32768K, reserved 1081344K
  class space    used 3402K, committed 3648K, reserved 1048576K
}
Event: 11.317 GC heap after
{Heap after GC invocations=24 (full 0):
 garbage-first heap   total 113664K, used 48294K [0x0000000082000000, 0x0000000100000000)
  region size 1024K, 4 young (4096K), 4 survivors (4096K)
 Metaspace       used 32333K, committed 32768K, reserved 1081344K
  class space    used 3402K, committed 3648K, reserved 1048576K
}
Event: 11.407 GC heap before
{Heap before GC invocations=24 (full 0):
 garbage-first heap   total 113664K, used 94374K [0x0000000082000000, 0x0000000100000000)
  region size 1024K, 49 young (50176K), 4 survivors (4096K)
 Metaspace       used 32333K, committed 32768K, reserved 1081344K
  class space    used 3402K, committed 3648K, reserved 1048576K
}
Event: 11.415 GC heap after
{Heap after GC invocations=25 (full 0):
 garbage-first heap   total 175104K, used 49190K [0x0000000082000000, 0x0000000100000000)
  region size 1024K, 5 young (5120K), 5 survivors (5120K)
 Metaspace       used 32333K, committed 32768K, reserved 1081344K
  class space    used 3402K, committed 3648K, reserved 1048576K
}
Event: 11.662 GC heap before
{Heap before GC invocations=25 (full 0):
 garbage-first heap   total 175104K, used 145446K [0x0000000082000000, 0x0000000100000000)
  region size 1024K, 99 young (101376K), 5 survivors (5120K)
 Metaspace       used 32333K, committed 32768K, reserved 1081344K
  class space    used 3402K, committed 3648K, reserved 1048576K
}
Event: 11.670 GC heap after
{Heap after GC invocations=26 (full 0):
 garbage-first heap   total 175104K, used 51532K [0x0000000082000000, 0x0000000100000000)
  region size 1024K, 7 young (7168K), 7 survivors (7168K)
 Metaspace       used 32333K, committed 32768K, reserved 1081344K
  class space    used 3402K, committed 3648K, reserved 1048576K
}
Event: 11.868 GC heap before
{Heap before GC invocations=26 (full 0):
 garbage-first heap   total 175104K, used 145740K [0x0000000082000000, 0x0000000100000000)
  region size 1024K, 99 young (101376K), 7 survivors (7168K)
 Metaspace       used 32339K, committed 32832K, reserved 1081344K
  class space    used 3402K, committed 3648K, reserved 1048576K
}
Event: 11.877 GC heap after
{Heap after GC invocations=27 (full 0):
 garbage-first heap   total 175104K, used 54368K [0x0000000082000000, 0x0000000100000000)
  region size 1024K, 9 young (9216K), 9 survivors (9216K)
 Metaspace       used 32339K, committed 32832K, reserved 1081344K
  class space    used 3402K, committed 3648K, reserved 1048576K
}
Event: 12.040 GC heap before
{Heap before GC invocations=27 (full 0):
 garbage-first heap   total 175104K, used 146528K [0x0000000082000000, 0x0000000100000000)
  region size 1024K, 99 young (101376K), 9 survivors (9216K)
 Metaspace       used 32341K, committed 32832K, reserved 1081344K
  class space    used 3402K, committed 3648K, reserved 1048576K
}
Event: 12.051 GC heap after
{Heap after GC invocations=28 (full 0):
 garbage-first heap   total 175104K, used 57023K [0x0000000082000000, 0x0000000100000000)
  region size 1024K, 9 young (9216K), 9 survivors (9216K)
 Metaspace       used 32341K, committed 32832K, reserved 1081344K
  class space    used 3402K, committed 3648K, reserved 1048576K
}
Event: 12.221 GC heap before
{Heap before GC invocations=28 (full 0):
 garbage-first heap   total 175104K, used 146111K [0x0000000082000000, 0x0000000100000000)
  region size 1024K, 96 young (98304K), 9 survivors (9216K)
 Metaspace       used 32341K, committed 32832K, reserved 1081344K
  class space    used 3402K, committed 3648K, reserved 1048576K
}

