# JRE version: OpenJDK Runtime Environment Corretto-16.0.1.9.1 (16.0.1+9) (build 16.0.1+9)
# Java VM: OpenJDK 64-Bit Server VM Corretto-16.0.1.9.1 (16.0.1+9, mixed mode, sharing, tiered, compressed oops, compressed class ptrs, g1 gc, windows-amd64)
GC Precious Log:
 CPUs: 12 total, 12 available
 Memory: 8061M
 Large Page Support: Disabled
 NUMA Support: Disabled
 Compressed Oops: Enabled (32-bit)
 Heap Region Size: 1M
 Heap Min Capacity: 8M
 Heap Initial Capacity: 126M
 Heap Max Capacity: 2016M
 Pre-touch: Disabled
 Parallel Workers: 10
 Concurrent Workers: 3
 Concurrent Refinement Workers: 10
 Periodic GC: Disabled
Heap:
 garbage-first heap   total 202752K, used 33413K [0x0000000082000000, 0x0000000100000000)
  region size 1024K, 9 young (9216K), 9 survivors (9216K)
 Metaspace       used 19184K, committed 19520K, reserved 1073152K
  class space    used 1945K, committed 2112K, reserved 1048576K
GC Heap History (20 events):
Event: 3.689 GC heap after
{Heap after GC invocations=3 (full 0):
 garbage-first heap   total 129024K, used 9584K [0x0000000082000000, 0x0000000100000000)
  region size 1024K, 6 young (6144K), 6 survivors (6144K)
 Metaspace       used 15183K, committed 15360K, reserved 1064960K
  class space    used 1625K, committed 1728K, reserved 1048576K
}
Event: 5.168 GC heap before
{Heap before GC invocations=3 (full 0):
 garbage-first heap   total 129024K, used 80240K [0x0000000082000000, 0x0000000100000000)
  region size 1024K, 75 young (76800K), 6 survivors (6144K)
 Metaspace       used 17947K, committed 18240K, reserved 1073152K
  class space    used 1900K, committed 2048K, reserved 1048576K
}
Event: 5.176 GC heap after
{Heap after GC invocations=4 (full 0):
 garbage-first heap   total 129024K, used 12973K [0x0000000082000000, 0x0000000100000000)
  region size 1024K, 8 young (8192K), 8 survivors (8192K)
 Metaspace       used 17947K, committed 18240K, reserved 1073152K
  class space    used 1900K, committed 2048K, reserved 1048576K
}
Event: 5.446 GC heap before
{Heap before GC invocations=4 (full 0):
 garbage-first heap   total 129024K, used 81581K [0x0000000082000000, 0x0000000100000000)
  region size 1024K, 75 young (76800K), 8 survivors (8192K)
 Metaspace       used 18406K, committed 18752K, reserved 1073152K
  class space    used 1911K, committed 2048K, reserved 1048576K
}
Event: 5.456 GC heap after
{Heap after GC invocations=5 (full 0):
 garbage-first heap   total 129024K, used 14858K [0x0000000082000000, 0x0000000100000000)
  region size 1024K, 6 young (6144K), 6 survivors (6144K)
 Metaspace       used 18406K, committed 18752K, reserved 1073152K
  class space    used 1911K, committed 2048K, reserved 1048576K
}
Event: 5.592 GC heap before
{Heap before GC invocations=5 (full 0):
 garbage-first heap   total 129024K, used 85514K [0x0000000082000000, 0x0000000100000000)
  region size 1024K, 75 young (76800K), 6 survivors (6144K)
 Metaspace       used 18413K, committed 18752K, reserved 1073152K
  class space    used 1911K, committed 2048K, reserved 1048576K
}
Event: 5.601 GC heap after
{Heap after GC invocations=6 (full 0):
 garbage-first heap   total 129024K, used 16838K [0x0000000082000000, 0x0000000100000000)
  region size 1024K, 8 young (8192K), 8 survivors (8192K)
 Metaspace       used 18413K, committed 18752K, reserved 1073152K
  class space    used 1911K, committed 2048K, reserved 1048576K
}
Event: 5.744 GC heap before
{Heap before GC invocations=6 (full 0):
 garbage-first heap   total 129024K, used 85446K [0x0000000082000000, 0x0000000100000000)
  region size 1024K, 75 young (76800K), 8 survivors (8192K)
 Metaspace       used 18417K, committed 18752K, reserved 1073152K
  class space    used 1911K, committed 2048K, reserved 1048576K
}
Event: 5.756 GC heap after
{Heap after GC invocations=7 (full 0):
 garbage-first heap   total 129024K, used 18307K [0x0000000082000000, 0x0000000100000000)
  region size 1024K, 6 young (6144K), 6 survivors (6144K)
 Metaspace       used 18417K, committed 18752K, reserved 1073152K
  class space    used 1911K, committed 2048K, reserved 1048576K
}
Event: 5.920 GC heap before
{Heap before GC invocations=7 (full 0):
 garbage-first heap   total 129024K, used 88963K [0x0000000082000000, 0x0000000100000000)
  region size 1024K, 75 young (76800K), 6 survivors (6144K)
 Metaspace       used 18417K, committed 18752K, reserved 1073152K
  class space    used 1911K, committed 2048K, reserved 1048576K
}
Event: 5.928 GC heap after
{Heap after GC invocations=8 (full 0):
 garbage-first heap   total 129024K, used 20276K [0x0000000082000000, 0x0000000100000000)
  region size 1024K, 8 young (8192K), 8 survivors (8192K)
 Metaspace       used 18417K, committed 18752K, reserved 1073152K
  class space    used 1911K, committed 2048K, reserved 1048576K
}
Event: 6.071 GC heap before
{Heap before GC invocations=8 (full 0):
 garbage-first heap   total 129024K, used 88884K [0x0000000082000000, 0x0000000100000000)
  region size 1024K, 75 young (76800K), 8 survivors (8192K)
 Metaspace       used 18421K, committed 18752K, reserved 1073152K
  class space    used 1911K, committed 2048K, reserved 1048576K
}
Event: 6.082 GC heap after
{Heap after GC invocations=9 (full 0):
 garbage-first heap   total 202752K, used 21749K [0x0000000082000000, 0x0000000100000000)
  region size 1024K, 6 young (6144K), 6 survivors (6144K)
 Metaspace       used 18421K, committed 18752K, reserved 1073152K
  class space    used 1911K, committed 2048K, reserved 1048576K
}
Event: 6.363 GC heap before
{Heap before GC invocations=9 (full 0):
 garbage-first heap   total 202752K, used 136437K [0x0000000082000000, 0x0000000100000000)
  region size 1024K, 118 young (120832K), 6 survivors (6144K)
 Metaspace       used 18424K, committed 18752K, reserved 1073152K
  class space    used 1911K, committed 2048K, reserved 1048576K
}
Event: 6.375 GC heap after
{Heap after GC invocations=10 (full 0):
 garbage-first heap   total 202752K, used 24922K [0x0000000082000000, 0x0000000100000000)
  region size 1024K, 9 young (9216K), 9 survivors (9216K)
 Metaspace       used 18424K, committed 18752K, reserved 1073152K
  class space    used 1911K, committed 2048K, reserved 1048576K
}
Event: 6.576 GC heap before
{Heap before GC invocations=10 (full 0):
 garbage-first heap   total 202752K, used 136538K [0x0000000082000000, 0x0000000100000000)
  region size 1024K, 118 young (120832K), 9 survivors (9216K)
 Metaspace       used 18425K, committed 18752K, reserved 1073152K
  class space    used 1911K, committed 2048K, reserved 1048576K
}
Event: 6.590 GC heap after
{Heap after GC invocations=11 (full 0):
 garbage-first heap   total 202752K, used 28262K [0x0000000082000000, 0x0000000100000000)
  region size 1024K, 11 young (11264K), 11 survivors (11264K)
 Metaspace       used 18425K, committed 18752K, reserved 1073152K
  class space    used 1911K, committed 2048K, reserved 1048576K
}
Event: 6.791 GC heap before
{Heap before GC invocations=11 (full 0):
 garbage-first heap   total 202752K, used 137830K [0x0000000082000000, 0x0000000100000000)
  region size 1024K, 118 young (120832K), 11 survivors (11264K)
 Metaspace       used 18426K, committed 18752K, reserved 1073152K
  class space    used 1911K, committed 2048K, reserved 1048576K
}
Event: 6.804 GC heap after
{Heap after GC invocations=12 (full 0):
 garbage-first heap   total 202752K, used 32281K [0x0000000082000000, 0x0000000100000000)
  region size 1024K, 11 young (11264K), 11 survivors (11264K)
 Metaspace       used 18426K, committed 18752K, reserved 1073152K
  class space    used 1911K, committed 2048K, reserved 1048576K
}
Event: 7.160 GC heap before
{Heap before GC invocations=12 (full 0):
 garbage-first heap   total 202752K, used 141849K [0x0000000082000000, 0x0000000100000000)
  region size 1024K, 118 young (120832K), 11 survivors (11264K)
 Metaspace       used 19184K, committed 19520K, reserved 1073152K
  class space    used 1945K, committed 2112K, reserved 1048576K
}

